mode: set
github.com/divrigili/pix2pi-SaaS/pkg/erpcore/audit/audit_engine.go:5.44,5.45 0 0
github.com/divrigili/pix2pi-SaaS/pkg/erpcore/accounting/accounting_engine.go:3.39,3.40 0 0
github.com/divrigili/pix2pi-SaaS/pkg/erpcore/ledger/ledger_core.go:5.40,5.41 0 0
github.com/divrigili/pix2pi-SaaS/pkg/erpcore/erpcore.go:13.26,18.2 1 0
github.com/divrigili/pix2pi-SaaS/pkg/erpcore/accounting/domain/account.go:25.78,35.2 1 0
github.com/divrigili/pix2pi-SaaS/internal/common/middleware/auth.go:8.32,9.34 1 0
github.com/divrigili/pix2pi-SaaS/internal/common/middleware/auth.go:9.34,11.58 2 0
github.com/divrigili/pix2pi-SaaS/internal/common/middleware/auth.go:11.58,13.4 1 0
github.com/divrigili/pix2pi-SaaS/internal/common/middleware/auth.go:14.3,16.84 2 0
github.com/divrigili/pix2pi-SaaS/internal/common/middleware/auth.go:16.84,17.59 1 0
github.com/divrigili/pix2pi-SaaS/internal/common/middleware/auth.go:17.59,17.96 1 0
github.com/divrigili/pix2pi-SaaS/internal/common/middleware/auth.go:19.4,19.55 1 0
github.com/divrigili/pix2pi-SaaS/internal/common/middleware/auth.go:22.3,22.33 1 0
github.com/divrigili/pix2pi-SaaS/internal/common/middleware/auth.go:22.33,24.4 1 0
github.com/divrigili/pix2pi-SaaS/internal/common/middleware/auth.go:27.3,30.18 4 0
github.com/divrigili/pix2pi-SaaS/pkg/erpcore/event/event.go:11.30,13.2 1 0
github.com/divrigili/pix2pi-SaaS/pkg/erpcore/event/event.go:15.39,17.2 0 0
github.com/divrigili/pix2pi-SaaS/pkg/erpcore/compliance/compliance_engine.go:5.52,5.67 1 0
github.com/divrigili/pix2pi-SaaS/pkg/erpcore/posting/posting_engine.go:5.50,5.51 0 0
github.com/divrigili/pix2pi-SaaS/pkg/erpcore/reporting/reporting_engine.go:5.54,5.55 0 0
github.com/divrigili/pix2pi-SaaS/pkg/erpcore/rule/dsl.go:5.24,7.2 1 0
github.com/divrigili/pix2pi-SaaS/pkg/erpcore/rule/dsl.go:9.62,12.2 1 0
github.com/divrigili/pix2pi-SaaS/pkg/erpcore/rule/dsl_engine.go:3.49,3.50 0 0
github.com/divrigili/pix2pi-SaaS/pkg/erpcore/rule/engine.go:5.34,7.2 1 0
github.com/divrigili/pix2pi-SaaS/pkg/erpcore/rule/engine.go:9.56,12.2 1 0
github.com/divrigili/pix2pi-SaaS/pkg/erpcore/tax/tax_engine.go:5.32,7.2 1 0
github.com/divrigili/pix2pi-SaaS/pkg/erpcore/tax/tax_engine.go:9.67,11.2 1 0
github.com/divrigili/pix2pi-SaaS/pkg/erpcore/validation/validation_engine.go:5.59,5.74 1 0
